<?xml version="1.0" encoding="UTF-8"?>
<!-- Generated by org.testng.reporters.JUnitReportReporter -->
<testsuite hostname="WIN-LBNT6FI2OHU" failures="0" tests="1" name="hrm.project.Activity8" time="5.848" errors="0" timestamp="2022-05-13T12:37:16 IST" skipped="0">
  <testcase classname="hrm.project.Activity8" name="applyLeaveTest" time="5.848"/>
  <system-out>
    <![CDATA[Leave status is Pending Approval(1.00)]]>
  </system-out>
</testsuite> <!-- hrm.project.Activity8 -->
