<?xml version="1.0" encoding="UTF-8"?>
<!-- Generated by org.testng.reporters.JUnitReportReporter -->
<testsuite hostname="WIN-LBNT6FI2OHU" failures="0" tests="1" name="hrm.project.Activity2" time="0.078" errors="0" timestamp="2022-05-13T12:37:16 IST" skipped="0">
  <testcase classname="hrm.project.Activity2" name="getHeaderURL" time="0.078"/>
  <system-out>
    <![CDATA[Verify header image url]]>
  </system-out>
</testsuite> <!-- hrm.project.Activity2 -->
