<?xml version="1.0" encoding="UTF-8"?>
<!-- Generated by org.testng.reporters.JUnitReportReporter -->
<testsuite hostname="WIN-LBNT6FI2OHU" failures="0" tests="1" name="hrm.project.Activity1" time="0.016" errors="0" timestamp="2022-05-13T12:37:16 IST" skipped="0">
  <testcase classname="hrm.project.Activity1" name="verifyTitle" time="0.016"/>
  <system-out>
    <![CDATA[Title is fetched]]>
  </system-out>
</testsuite> <!-- hrm.project.Activity1 -->
