<?xml version="1.0" encoding="UTF-8"?>
<!-- Generated by org.testng.reporters.JUnitReportReporter -->
<testsuite hostname="WIN-LBNT6FI2OHU" failures="0" tests="1" name="hrm.project.Activity3" time="0.723" errors="0" timestamp="2022-05-13T12:37:16 IST" skipped="0">
  <testcase classname="hrm.project.Activity3" name="login" time="0.723"/>
  <system-out>
    <![CDATA[Attempt login to page]]>
  </system-out>
</testsuite> <!-- hrm.project.Activity3 -->
