<?xml version="1.0" encoding="UTF-8"?>
<!-- Generated by org.testng.reporters.JUnitReportReporter -->
<testsuite hostname="WIN-LBNT6FI2OHU" failures="0" tests="1" name="hrm.project.Activity4" time="4.218" errors="0" timestamp="2022-05-13T12:37:16 IST" skipped="0">
  <testcase classname="hrm.project.Activity4" name="addEmployee" time="4.218"/>
  <system-out>
    <![CDATA[Click on view information]]>
  </system-out>
</testsuite> <!-- hrm.project.Activity4 -->
